<?xml version="1.0" encoding="UTF-8"?>
<testng-results skipped="0" failed="0" ignored="0" total="1" passed="1">
  <reporter-output>
  </reporter-output>
  <suite name="Default suite" duration-ms="77" started-at="2023-11-23T10:34:19 IST" finished-at="2023-11-23T10:34:19 IST">
    <groups>
    </groups>
    <test name="Default test" duration-ms="77" started-at="2023-11-23T10:34:19 IST" finished-at="2023-11-23T10:34:19 IST">
      <class name="basicTrainingPrograms.MavenDemo">
        <test-method status="PASS" signature="displayMessage()[pri:0, instance:basicTrainingPrograms.MavenDemo@6737fd8f]" name="displayMessage" duration-ms="13" started-at="2023-11-23T10:34:19 IST" finished-at="2023-11-23T10:34:19 IST">
          <reporter-output>
          </reporter-output>
        </test-method> <!-- displayMessage -->
      </class> <!-- basicTrainingPrograms.MavenDemo -->
    </test> <!-- Default test -->
  </suite> <!-- Default suite -->
</testng-results>
